[Thu Nov 17 10:01:28.230767 2022] [ssl:warn] [pid 2584:tid 404] AH01909: saw:443:0 server certificate does NOT include an ID which matches the server name
[Thu Nov 17 10:01:28.261774 2022] [ssl:warn] [pid 2584:tid 404] AH01909: saw:443:0 server certificate does NOT include an ID which matches the server name
[Thu Nov 17 10:01:28.526780 2022] [ssl:warn] [pid 8716:tid 408] AH01909: saw:443:0 server certificate does NOT include an ID which matches the server name
[Thu Nov 17 10:01:28.555787 2022] [ssl:warn] [pid 8716:tid 408] AH01909: saw:443:0 server certificate does NOT include an ID which matches the server name
[Thu Nov 17 10:04:33.342008 2022] [ssl:warn] [pid 14924:tid 404] AH01909: saw:443:0 server certificate does NOT include an ID which matches the server name
[Thu Nov 17 10:04:33.373016 2022] [ssl:warn] [pid 14924:tid 404] AH01909: saw:443:0 server certificate does NOT include an ID which matches the server name
[Thu Nov 17 10:04:33.636003 2022] [ssl:warn] [pid 1776:tid 408] AH01909: saw:443:0 server certificate does NOT include an ID which matches the server name
[Thu Nov 17 10:04:33.665010 2022] [ssl:warn] [pid 1776:tid 408] AH01909: saw:443:0 server certificate does NOT include an ID which matches the server name
[Thu Nov 17 10:04:43.530444 2022] [ssl:warn] [pid 12060:tid 404] AH01909: saw:443:0 server certificate does NOT include an ID which matches the server name
[Thu Nov 17 10:04:43.561451 2022] [ssl:warn] [pid 12060:tid 404] AH01909: saw:443:0 server certificate does NOT include an ID which matches the server name
[Thu Nov 17 10:04:43.814758 2022] [ssl:warn] [pid 12536:tid 408] AH01909: saw:443:0 server certificate does NOT include an ID which matches the server name
[Thu Nov 17 10:04:43.843764 2022] [ssl:warn] [pid 12536:tid 408] AH01909: saw:443:0 server certificate does NOT include an ID which matches the server name
[Thu Nov 17 10:07:43.050685 2022] [ssl:warn] [pid 11568:tid 404] AH01909: saw:443:0 server certificate does NOT include an ID which matches the server name
[Thu Nov 17 10:07:43.081692 2022] [ssl:warn] [pid 11568:tid 404] AH01909: saw:443:0 server certificate does NOT include an ID which matches the server name
[Thu Nov 17 10:07:43.347949 2022] [ssl:warn] [pid 14056:tid 408] AH01909: saw:443:0 server certificate does NOT include an ID which matches the server name
[Thu Nov 17 10:07:43.375955 2022] [ssl:warn] [pid 14056:tid 408] AH01909: saw:443:0 server certificate does NOT include an ID which matches the server name
[Thu Nov 17 10:09:05.565374 2022] [ssl:warn] [pid 16964:tid 404] AH01909: saw:443:0 server certificate does NOT include an ID which matches the server name
[Thu Nov 17 10:09:05.596381 2022] [ssl:warn] [pid 16964:tid 404] AH01909: saw:443:0 server certificate does NOT include an ID which matches the server name
[Thu Nov 17 10:09:05.852439 2022] [ssl:warn] [pid 9688:tid 408] AH01909: saw:443:0 server certificate does NOT include an ID which matches the server name
[Thu Nov 17 10:09:05.882445 2022] [ssl:warn] [pid 9688:tid 408] AH01909: saw:443:0 server certificate does NOT include an ID which matches the server name
[Thu Nov 17 10:17:30.450448 2022] [ssl:warn] [pid 14592:tid 404] AH01909: saw:443:0 server certificate does NOT include an ID which matches the server name
[Thu Nov 17 10:17:30.486455 2022] [ssl:warn] [pid 14592:tid 404] AH01909: saw:443:0 server certificate does NOT include an ID which matches the server name
[Thu Nov 17 10:17:30.742979 2022] [ssl:warn] [pid 15800:tid 408] AH01909: saw:443:0 server certificate does NOT include an ID which matches the server name
[Thu Nov 17 10:17:30.771985 2022] [ssl:warn] [pid 15800:tid 408] AH01909: saw:443:0 server certificate does NOT include an ID which matches the server name
[Thu Nov 17 10:19:40.910207 2022] [ssl:warn] [pid 13552:tid 412] AH01909: saw:443:0 server certificate does NOT include an ID which matches the server name
[Thu Nov 17 10:19:40.940215 2022] [ssl:warn] [pid 13552:tid 412] AH01909: saw:443:0 server certificate does NOT include an ID which matches the server name
[Thu Nov 17 10:19:41.237617 2022] [ssl:warn] [pid 12328:tid 408] AH01909: saw:443:0 server certificate does NOT include an ID which matches the server name
[Thu Nov 17 10:19:41.266623 2022] [ssl:warn] [pid 12328:tid 408] AH01909: saw:443:0 server certificate does NOT include an ID which matches the server name
[Thu Nov 17 10:29:10.078216 2022] [ssl:warn] [pid 13220:tid 404] AH01909: saw:443:0 server certificate does NOT include an ID which matches the server name
[Thu Nov 17 10:29:10.109223 2022] [ssl:warn] [pid 13220:tid 404] AH01909: saw:443:0 server certificate does NOT include an ID which matches the server name
[Thu Nov 17 10:29:10.374033 2022] [ssl:warn] [pid 8472:tid 408] AH01909: saw:443:0 server certificate does NOT include an ID which matches the server name
[Thu Nov 17 10:29:10.403039 2022] [ssl:warn] [pid 8472:tid 408] AH01909: saw:443:0 server certificate does NOT include an ID which matches the server name
[Thu Nov 17 11:54:25.927245 2022] [ssl:warn] [pid 17828:tid 404] AH01909: saw:443:0 server certificate does NOT include an ID which matches the server name
[Thu Nov 17 11:54:25.952251 2022] [ssl:warn] [pid 17828:tid 404] AH01909: saw:443:0 server certificate does NOT include an ID which matches the server name
[Thu Nov 17 11:54:26.203307 2022] [ssl:warn] [pid 13956:tid 408] AH01909: saw:443:0 server certificate does NOT include an ID which matches the server name
[Thu Nov 17 11:54:26.226312 2022] [ssl:warn] [pid 13956:tid 408] AH01909: saw:443:0 server certificate does NOT include an ID which matches the server name
[Thu Nov 17 11:59:00.369409 2022] [ssl:warn] [pid 5356:tid 404] AH01909: saw:443:0 server certificate does NOT include an ID which matches the server name
[Thu Nov 17 11:59:00.394415 2022] [ssl:warn] [pid 5356:tid 404] AH01909: saw:443:0 server certificate does NOT include an ID which matches the server name
[Thu Nov 17 11:59:00.648089 2022] [ssl:warn] [pid 8200:tid 408] AH01909: saw:443:0 server certificate does NOT include an ID which matches the server name
[Thu Nov 17 11:59:00.671094 2022] [ssl:warn] [pid 8200:tid 408] AH01909: saw:443:0 server certificate does NOT include an ID which matches the server name
[Thu Nov 24 10:33:58.908166 2022] [ssl:warn] [pid 5764:tid 404] AH01909: saw:443:0 server certificate does NOT include an ID which matches the server name
[Thu Nov 24 10:33:58.937174 2022] [ssl:warn] [pid 5764:tid 404] AH01909: saw:443:0 server certificate does NOT include an ID which matches the server name
[Thu Nov 24 10:33:59.368088 2022] [ssl:warn] [pid 9632:tid 404] AH01909: saw:443:0 server certificate does NOT include an ID which matches the server name
[Thu Nov 24 10:33:59.394093 2022] [ssl:warn] [pid 9632:tid 404] AH01909: saw:443:0 server certificate does NOT include an ID which matches the server name
[Tue Nov 29 09:59:36.059969 2022] [ssl:warn] [pid 13544:tid 404] AH01909: saw:443:0 server certificate does NOT include an ID which matches the server name
[Tue Nov 29 09:59:36.091976 2022] [ssl:warn] [pid 13544:tid 404] AH01909: saw:443:0 server certificate does NOT include an ID which matches the server name
[Tue Nov 29 09:59:36.532075 2022] [ssl:warn] [pid 1708:tid 404] AH01909: saw:443:0 server certificate does NOT include an ID which matches the server name
[Tue Nov 29 09:59:36.561081 2022] [ssl:warn] [pid 1708:tid 404] AH01909: saw:443:0 server certificate does NOT include an ID which matches the server name
[Thu Dec 15 10:28:47.762864 2022] [ssl:warn] [pid 16260:tid 404] AH01909: saw:443:0 server certificate does NOT include an ID which matches the server name
[Thu Dec 15 10:28:47.798871 2022] [ssl:warn] [pid 16260:tid 404] AH01909: saw:443:0 server certificate does NOT include an ID which matches the server name
[Thu Dec 15 10:28:48.293984 2022] [ssl:warn] [pid 8060:tid 428] AH01909: saw:443:0 server certificate does NOT include an ID which matches the server name
[Thu Dec 15 10:28:48.326991 2022] [ssl:warn] [pid 8060:tid 428] AH01909: saw:443:0 server certificate does NOT include an ID which matches the server name
[Fri Dec 23 21:26:21.575318 2022] [ssl:warn] [pid 6080:tid 408] AH01909: saw:443:0 server certificate does NOT include an ID which matches the server name
[Fri Dec 23 21:26:21.603963 2022] [ssl:warn] [pid 6080:tid 408] AH01909: saw:443:0 server certificate does NOT include an ID which matches the server name
[Fri Dec 23 21:26:22.044060 2022] [ssl:warn] [pid 16372:tid 440] AH01909: saw:443:0 server certificate does NOT include an ID which matches the server name
[Fri Dec 23 21:26:22.068065 2022] [ssl:warn] [pid 16372:tid 440] AH01909: saw:443:0 server certificate does NOT include an ID which matches the server name
[Fri Dec 23 21:40:47.773725 2022] [ssl:warn] [pid 16240:tid 408] AH01909: saw:443:0 server certificate does NOT include an ID which matches the server name
[Fri Dec 23 21:40:47.802733 2022] [ssl:warn] [pid 16240:tid 408] AH01909: saw:443:0 server certificate does NOT include an ID which matches the server name
[Fri Dec 23 21:40:48.047633 2022] [ssl:warn] [pid 2552:tid 416] AH01909: saw:443:0 server certificate does NOT include an ID which matches the server name
[Fri Dec 23 21:40:48.073640 2022] [ssl:warn] [pid 2552:tid 416] AH01909: saw:443:0 server certificate does NOT include an ID which matches the server name
[Fri Dec 23 21:49:01.977929 2022] [ssl:warn] [pid 7828:tid 412] AH01909: saw:443:0 server certificate does NOT include an ID which matches the server name
[Fri Dec 23 21:49:02.003936 2022] [ssl:warn] [pid 7828:tid 412] AH01909: saw:443:0 server certificate does NOT include an ID which matches the server name
[Fri Dec 23 21:49:02.248005 2022] [ssl:warn] [pid 1748:tid 412] AH01909: saw:443:0 server certificate does NOT include an ID which matches the server name
[Fri Dec 23 21:49:02.273012 2022] [ssl:warn] [pid 1748:tid 412] AH01909: saw:443:0 server certificate does NOT include an ID which matches the server name
[Fri Dec 23 21:53:02.110283 2022] [ssl:warn] [pid 16180:tid 408] AH01909: saw:443:0 server certificate does NOT include an ID which matches the server name
[Fri Dec 23 21:53:02.125910 2022] [ssl:warn] [pid 16180:tid 408] AH01909: saw:443:0 server certificate does NOT include an ID which matches the server name
[Fri Dec 23 21:53:02.361914 2022] [ssl:warn] [pid 17192:tid 412] AH01909: saw:443:0 server certificate does NOT include an ID which matches the server name
[Fri Dec 23 21:53:02.393168 2022] [ssl:warn] [pid 17192:tid 412] AH01909: saw:443:0 server certificate does NOT include an ID which matches the server name
[Sat Dec 24 20:33:33.740622 2022] [ssl:warn] [pid 3916:tid 432] AH01909: saw:443:0 server certificate does NOT include an ID which matches the server name
[Sat Dec 24 20:33:33.771866 2022] [ssl:warn] [pid 3916:tid 432] AH01909: saw:443:0 server certificate does NOT include an ID which matches the server name
[Sat Dec 24 20:33:34.178159 2022] [ssl:warn] [pid 5492:tid 408] AH01909: saw:443:0 server certificate does NOT include an ID which matches the server name
[Sat Dec 24 20:33:34.193785 2022] [ssl:warn] [pid 5492:tid 408] AH01909: saw:443:0 server certificate does NOT include an ID which matches the server name
[Sat Dec 24 21:35:37.201823 2022] [ssl:warn] [pid 13868:tid 408] AH01909: saw:443:0 server certificate does NOT include an ID which matches the server name
[Sat Dec 24 21:35:37.233077 2022] [ssl:warn] [pid 13868:tid 408] AH01909: saw:443:0 server certificate does NOT include an ID which matches the server name
[Sat Dec 24 21:35:37.472770 2022] [ssl:warn] [pid 5240:tid 412] AH01909: saw:443:0 server certificate does NOT include an ID which matches the server name
[Sat Dec 24 21:35:37.498401 2022] [ssl:warn] [pid 5240:tid 412] AH01909: saw:443:0 server certificate does NOT include an ID which matches the server name
[Sun Dec 25 04:37:23.751827 2022] [ssl:warn] [pid 10052:tid 408] AH01909: saw:443:0 server certificate does NOT include an ID which matches the server name
[Sun Dec 25 04:37:23.783088 2022] [ssl:warn] [pid 10052:tid 408] AH01909: saw:443:0 server certificate does NOT include an ID which matches the server name
[Sun Dec 25 04:37:24.013053 2022] [ssl:warn] [pid 13540:tid 412] AH01909: saw:443:0 server certificate does NOT include an ID which matches the server name
[Sun Dec 25 04:37:24.028688 2022] [ssl:warn] [pid 13540:tid 412] AH01909: saw:443:0 server certificate does NOT include an ID which matches the server name
[Sun Dec 25 04:58:24.361176 2022] [ssl:warn] [pid 4404:tid 432] AH01909: saw:443:0 server certificate does NOT include an ID which matches the server name
[Sun Dec 25 04:58:24.388182 2022] [ssl:warn] [pid 4404:tid 432] AH01909: saw:443:0 server certificate does NOT include an ID which matches the server name
[Sun Dec 25 04:58:24.629921 2022] [ssl:warn] [pid 19016:tid 412] AH01909: saw:443:0 server certificate does NOT include an ID which matches the server name
[Sun Dec 25 04:58:24.653872 2022] [ssl:warn] [pid 19016:tid 412] AH01909: saw:443:0 server certificate does NOT include an ID which matches the server name
[Sun Dec 25 05:07:23.156200 2022] [ssl:warn] [pid 5692:tid 408] AH01909: saw:443:0 server certificate does NOT include an ID which matches the server name
[Sun Dec 25 05:07:23.182186 2022] [ssl:warn] [pid 5692:tid 408] AH01909: saw:443:0 server certificate does NOT include an ID which matches the server name
[Sun Dec 25 05:07:23.422324 2022] [ssl:warn] [pid 9496:tid 412] AH01909: saw:443:0 server certificate does NOT include an ID which matches the server name
[Sun Dec 25 05:07:23.446768 2022] [ssl:warn] [pid 9496:tid 412] AH01909: saw:443:0 server certificate does NOT include an ID which matches the server name
[Sun Dec 25 05:11:12.345862 2022] [ssl:warn] [pid 10220:tid 408] AH01909: saw:443:0 server certificate does NOT include an ID which matches the server name
[Sun Dec 25 05:11:12.372380 2022] [ssl:warn] [pid 10220:tid 408] AH01909: saw:443:0 server certificate does NOT include an ID which matches the server name
[Sun Dec 25 05:11:12.608652 2022] [ssl:warn] [pid 18128:tid 412] AH01909: saw:443:0 server certificate does NOT include an ID which matches the server name
[Sun Dec 25 05:11:12.633087 2022] [ssl:warn] [pid 18128:tid 412] AH01909: saw:443:0 server certificate does NOT include an ID which matches the server name
[Sun Dec 25 05:16:04.909714 2022] [ssl:warn] [pid 8872:tid 408] AH01909: saw:443:0 server certificate does NOT include an ID which matches the server name
[Sun Dec 25 05:16:04.935217 2022] [ssl:warn] [pid 8872:tid 408] AH01909: saw:443:0 server certificate does NOT include an ID which matches the server name
[Sun Dec 25 05:16:05.176984 2022] [ssl:warn] [pid 18940:tid 412] AH01909: saw:443:0 server certificate does NOT include an ID which matches the server name
[Sun Dec 25 05:16:05.201441 2022] [ssl:warn] [pid 18940:tid 412] AH01909: saw:443:0 server certificate does NOT include an ID which matches the server name
[Sun Dec 25 05:36:49.758736 2022] [ssl:warn] [pid 17356:tid 408] AH01909: saw:443:0 server certificate does NOT include an ID which matches the server name
[Sun Dec 25 05:36:49.789992 2022] [ssl:warn] [pid 17356:tid 408] AH01909: saw:443:0 server certificate does NOT include an ID which matches the server name
[Sun Dec 25 05:36:50.020026 2022] [ssl:warn] [pid 16848:tid 412] AH01909: saw:443:0 server certificate does NOT include an ID which matches the server name
[Sun Dec 25 05:36:50.045658 2022] [ssl:warn] [pid 16848:tid 412] AH01909: saw:443:0 server certificate does NOT include an ID which matches the server name
[Sun Dec 25 05:40:23.523133 2022] [ssl:warn] [pid 8548:tid 408] AH01909: saw:443:0 server certificate does NOT include an ID which matches the server name
[Sun Dec 25 05:40:23.554388 2022] [ssl:warn] [pid 8548:tid 408] AH01909: saw:443:0 server certificate does NOT include an ID which matches the server name
[Sun Dec 25 05:40:23.795013 2022] [ssl:warn] [pid 13620:tid 436] AH01909: saw:443:0 server certificate does NOT include an ID which matches the server name
[Sun Dec 25 05:40:23.810643 2022] [ssl:warn] [pid 13620:tid 436] AH01909: saw:443:0 server certificate does NOT include an ID which matches the server name
[Sun Dec 25 05:51:33.501053 2022] [ssl:warn] [pid 15952:tid 408] AH01909: saw:443:0 server certificate does NOT include an ID which matches the server name
[Sun Dec 25 05:51:33.527535 2022] [ssl:warn] [pid 15952:tid 408] AH01909: saw:443:0 server certificate does NOT include an ID which matches the server name
[Sun Dec 25 05:51:33.765918 2022] [ssl:warn] [pid 18952:tid 412] AH01909: saw:443:0 server certificate does NOT include an ID which matches the server name
[Sun Dec 25 05:51:33.790358 2022] [ssl:warn] [pid 18952:tid 412] AH01909: saw:443:0 server certificate does NOT include an ID which matches the server name
[Sun Dec 25 05:56:30.777353 2022] [ssl:warn] [pid 2608:tid 396] AH01909: saw:443:0 server certificate does NOT include an ID which matches the server name
[Sun Dec 25 05:56:30.804326 2022] [ssl:warn] [pid 2608:tid 396] AH01909: saw:443:0 server certificate does NOT include an ID which matches the server name
[Sun Dec 25 05:56:31.040558 2022] [ssl:warn] [pid 14344:tid 400] AH01909: saw:443:0 server certificate does NOT include an ID which matches the server name
[Sun Dec 25 05:56:31.064461 2022] [ssl:warn] [pid 14344:tid 400] AH01909: saw:443:0 server certificate does NOT include an ID which matches the server name
[Sun Dec 25 19:10:32.247884 2022] [ssl:warn] [pid 8088:tid 408] AH01909: saw:443:0 server certificate does NOT include an ID which matches the server name
[Sun Dec 25 19:10:32.274262 2022] [ssl:warn] [pid 8088:tid 408] AH01909: saw:443:0 server certificate does NOT include an ID which matches the server name
[Sun Dec 25 19:10:32.672990 2022] [ssl:warn] [pid 5424:tid 424] AH01909: saw:443:0 server certificate does NOT include an ID which matches the server name
[Sun Dec 25 19:10:32.698091 2022] [ssl:warn] [pid 5424:tid 424] AH01909: saw:443:0 server certificate does NOT include an ID which matches the server name
[Mon Dec 26 18:56:11.430161 2022] [ssl:warn] [pid 10724:tid 408] AH01909: saw:443:0 server certificate does NOT include an ID which matches the server name
[Mon Dec 26 18:56:11.461760 2022] [ssl:warn] [pid 10724:tid 408] AH01909: saw:443:0 server certificate does NOT include an ID which matches the server name
[Mon Dec 26 18:56:11.863285 2022] [ssl:warn] [pid 19160:tid 412] AH01909: saw:443:0 server certificate does NOT include an ID which matches the server name
[Mon Dec 26 18:56:11.878911 2022] [ssl:warn] [pid 19160:tid 412] AH01909: saw:443:0 server certificate does NOT include an ID which matches the server name
[Tue Dec 27 01:42:16.022454 2022] [ssl:warn] [pid 1460:tid 408] AH01909: saw:443:0 server certificate does NOT include an ID which matches the server name
[Tue Dec 27 01:42:16.047637 2022] [ssl:warn] [pid 1460:tid 408] AH01909: saw:443:0 server certificate does NOT include an ID which matches the server name
[Tue Dec 27 01:42:16.279827 2022] [ssl:warn] [pid 8768:tid 412] AH01909: saw:443:0 server certificate does NOT include an ID which matches the server name
[Tue Dec 27 01:42:16.303945 2022] [ssl:warn] [pid 8768:tid 412] AH01909: saw:443:0 server certificate does NOT include an ID which matches the server name
[Tue Dec 27 21:06:36.266703 2022] [ssl:warn] [pid 14136:tid 440] AH01909: saw:443:0 server certificate does NOT include an ID which matches the server name
[Tue Dec 27 21:06:36.282327 2022] [ssl:warn] [pid 14136:tid 440] AH01909: saw:443:0 server certificate does NOT include an ID which matches the server name
[Tue Dec 27 21:06:36.672980 2022] [ssl:warn] [pid 19208:tid 408] AH01909: saw:443:0 server certificate does NOT include an ID which matches the server name
[Tue Dec 27 21:06:36.704231 2022] [ssl:warn] [pid 19208:tid 408] AH01909: saw:443:0 server certificate does NOT include an ID which matches the server name
[Wed Dec 28 01:00:54.570401 2022] [ssl:warn] [pid 11948:tid 408] AH01909: saw:443:0 server certificate does NOT include an ID which matches the server name
[Wed Dec 28 01:00:54.601654 2022] [ssl:warn] [pid 11948:tid 408] AH01909: saw:443:0 server certificate does NOT include an ID which matches the server name
[Wed Dec 28 01:00:54.823290 2022] [ssl:warn] [pid 10740:tid 412] AH01909: saw:443:0 server certificate does NOT include an ID which matches the server name
[Wed Dec 28 01:00:54.854551 2022] [ssl:warn] [pid 10740:tid 412] AH01909: saw:443:0 server certificate does NOT include an ID which matches the server name
[Wed Dec 28 23:47:22.880929 2022] [ssl:warn] [pid 6844:tid 412] AH01909: saw:443:0 server certificate does NOT include an ID which matches the server name
[Wed Dec 28 23:47:22.896556 2022] [ssl:warn] [pid 6844:tid 412] AH01909: saw:443:0 server certificate does NOT include an ID which matches the server name
[Wed Dec 28 23:47:23.302834 2022] [ssl:warn] [pid 6112:tid 412] AH01909: saw:443:0 server certificate does NOT include an ID which matches the server name
[Wed Dec 28 23:47:23.334085 2022] [ssl:warn] [pid 6112:tid 412] AH01909: saw:443:0 server certificate does NOT include an ID which matches the server name
[Thu Dec 29 08:30:29.052689 2022] [ssl:warn] [pid 12884:tid 428] AH01909: saw:443:0 server certificate does NOT include an ID which matches the server name
[Thu Dec 29 08:30:29.079868 2022] [ssl:warn] [pid 12884:tid 428] AH01909: saw:443:0 server certificate does NOT include an ID which matches the server name
[Thu Dec 29 08:30:29.488825 2022] [ssl:warn] [pid 11512:tid 412] AH01909: saw:443:0 server certificate does NOT include an ID which matches the server name
[Thu Dec 29 08:30:29.513788 2022] [ssl:warn] [pid 11512:tid 412] AH01909: saw:443:0 server certificate does NOT include an ID which matches the server name
[Thu Dec 29 08:31:02.022835 2022] [ssl:warn] [pid 10720:tid 408] AH01909: saw:443:0 server certificate does NOT include an ID which matches the server name
[Thu Dec 29 08:31:02.048962 2022] [ssl:warn] [pid 10720:tid 408] AH01909: saw:443:0 server certificate does NOT include an ID which matches the server name
[Thu Dec 29 08:31:02.297320 2022] [ssl:warn] [pid 8740:tid 412] AH01909: saw:443:0 server certificate does NOT include an ID which matches the server name
[Thu Dec 29 08:31:02.321896 2022] [ssl:warn] [pid 8740:tid 412] AH01909: saw:443:0 server certificate does NOT include an ID which matches the server name
[Thu Dec 29 08:35:47.884180 2022] [ssl:warn] [pid 3612:tid 408] AH01909: saw:443:0 server certificate does NOT include an ID which matches the server name
[Thu Dec 29 08:35:47.911101 2022] [ssl:warn] [pid 3612:tid 408] AH01909: saw:443:0 server certificate does NOT include an ID which matches the server name
[Thu Dec 29 08:35:48.156647 2022] [ssl:warn] [pid 16644:tid 412] AH01909: saw:443:0 server certificate does NOT include an ID which matches the server name
[Thu Dec 29 08:35:48.181133 2022] [ssl:warn] [pid 16644:tid 412] AH01909: saw:443:0 server certificate does NOT include an ID which matches the server name
[Fri Dec 30 22:52:33.117725 2022] [ssl:warn] [pid 3744:tid 216] AH01909: saw:443:0 server certificate does NOT include an ID which matches the server name
[Fri Dec 30 22:52:33.145904 2022] [ssl:warn] [pid 3744:tid 216] AH01909: saw:443:0 server certificate does NOT include an ID which matches the server name
[Fri Dec 30 22:52:33.569633 2022] [ssl:warn] [pid 9080:tid 412] AH01909: saw:443:0 server certificate does NOT include an ID which matches the server name
[Fri Dec 30 22:52:33.594213 2022] [ssl:warn] [pid 9080:tid 412] AH01909: saw:443:0 server certificate does NOT include an ID which matches the server name
[Sat Dec 31 01:11:58.909572 2022] [ssl:warn] [pid 4800:tid 436] AH01909: saw:443:0 server certificate does NOT include an ID which matches the server name
[Sat Dec 31 01:11:58.936423 2022] [ssl:warn] [pid 4800:tid 436] AH01909: saw:443:0 server certificate does NOT include an ID which matches the server name
[Sat Dec 31 01:11:59.341280 2022] [ssl:warn] [pid 6900:tid 412] AH01909: saw:443:0 server certificate does NOT include an ID which matches the server name
[Sat Dec 31 01:11:59.366217 2022] [ssl:warn] [pid 6900:tid 412] AH01909: saw:443:0 server certificate does NOT include an ID which matches the server name
[Sat Dec 31 01:35:36.355062 2022] [ssl:warn] [pid 9932:tid 424] AH01909: saw:443:0 server certificate does NOT include an ID which matches the server name
[Sat Dec 31 01:35:36.381917 2022] [ssl:warn] [pid 9932:tid 424] AH01909: saw:443:0 server certificate does NOT include an ID which matches the server name
[Sat Dec 31 01:35:36.622226 2022] [ssl:warn] [pid 4708:tid 412] AH01909: saw:443:0 server certificate does NOT include an ID which matches the server name
[Sat Dec 31 01:35:36.646615 2022] [ssl:warn] [pid 4708:tid 412] AH01909: saw:443:0 server certificate does NOT include an ID which matches the server name
[Sat Dec 31 01:36:42.717385 2022] [ssl:warn] [pid 8728:tid 408] AH01909: saw:443:0 server certificate does NOT include an ID which matches the server name
[Sat Dec 31 01:36:42.744778 2022] [ssl:warn] [pid 8728:tid 408] AH01909: saw:443:0 server certificate does NOT include an ID which matches the server name
[Sat Dec 31 01:36:42.979484 2022] [ssl:warn] [pid 15004:tid 412] AH01909: saw:443:0 server certificate does NOT include an ID which matches the server name
[Sat Dec 31 01:36:43.003928 2022] [ssl:warn] [pid 15004:tid 412] AH01909: saw:443:0 server certificate does NOT include an ID which matches the server name
[Sat Dec 31 01:41:56.537212 2022] [ssl:warn] [pid 11476:tid 408] AH01909: saw:443:0 server certificate does NOT include an ID which matches the server name
[Sat Dec 31 01:41:56.564094 2022] [ssl:warn] [pid 11476:tid 408] AH01909: saw:443:0 server certificate does NOT include an ID which matches the server name
[Sat Dec 31 01:41:56.810932 2022] [ssl:warn] [pid 3464:tid 412] AH01909: saw:443:0 server certificate does NOT include an ID which matches the server name
[Sat Dec 31 01:41:56.836837 2022] [ssl:warn] [pid 3464:tid 412] AH01909: saw:443:0 server certificate does NOT include an ID which matches the server name
[Sat Dec 31 01:50:44.373501 2022] [ssl:warn] [pid 11208:tid 408] AH01909: saw:443:0 server certificate does NOT include an ID which matches the server name
[Sat Dec 31 01:50:44.400431 2022] [ssl:warn] [pid 11208:tid 408] AH01909: saw:443:0 server certificate does NOT include an ID which matches the server name
[Sat Dec 31 01:50:44.641646 2022] [ssl:warn] [pid 16840:tid 440] AH01909: saw:443:0 server certificate does NOT include an ID which matches the server name
[Sat Dec 31 01:50:44.665963 2022] [ssl:warn] [pid 16840:tid 440] AH01909: saw:443:0 server certificate does NOT include an ID which matches the server name
[Sat Dec 31 01:54:22.147151 2022] [ssl:warn] [pid 1556:tid 428] AH01909: saw:443:0 server certificate does NOT include an ID which matches the server name
[Sat Dec 31 01:54:22.175043 2022] [ssl:warn] [pid 1556:tid 428] AH01909: saw:443:0 server certificate does NOT include an ID which matches the server name
[Sat Dec 31 01:54:22.415413 2022] [ssl:warn] [pid 6512:tid 412] AH01909: saw:443:0 server certificate does NOT include an ID which matches the server name
[Sat Dec 31 01:54:22.440725 2022] [ssl:warn] [pid 6512:tid 412] AH01909: saw:443:0 server certificate does NOT include an ID which matches the server name
[Sat Dec 31 07:49:52.270972 2022] [ssl:warn] [pid 18472:tid 408] AH01909: saw:443:0 server certificate does NOT include an ID which matches the server name
[Sat Dec 31 07:49:52.298128 2022] [ssl:warn] [pid 18472:tid 408] AH01909: saw:443:0 server certificate does NOT include an ID which matches the server name
[Sat Dec 31 07:49:52.675788 2022] [ssl:warn] [pid 10568:tid 412] AH01909: saw:443:0 server certificate does NOT include an ID which matches the server name
[Sat Dec 31 07:49:52.699884 2022] [ssl:warn] [pid 10568:tid 412] AH01909: saw:443:0 server certificate does NOT include an ID which matches the server name
[Mon Jan 02 09:10:15.586372 2023] [ssl:warn] [pid 15400:tid 192] AH01909: saw:443:0 server certificate does NOT include an ID which matches the server name
[Mon Jan 02 09:10:15.608504 2023] [ssl:warn] [pid 15400:tid 192] AH01909: saw:443:0 server certificate does NOT include an ID which matches the server name
[Mon Jan 02 09:10:16.056441 2023] [ssl:warn] [pid 3376:tid 436] AH01909: saw:443:0 server certificate does NOT include an ID which matches the server name
[Mon Jan 02 09:10:16.087694 2023] [ssl:warn] [pid 3376:tid 436] AH01909: saw:443:0 server certificate does NOT include an ID which matches the server name
[Mon Jan 02 09:21:14.159818 2023] [ssl:warn] [pid 8792:tid 408] AH01909: saw:443:0 server certificate does NOT include an ID which matches the server name
[Mon Jan 02 09:21:14.191070 2023] [ssl:warn] [pid 8792:tid 408] AH01909: saw:443:0 server certificate does NOT include an ID which matches the server name
[Mon Jan 02 09:21:14.423004 2023] [ssl:warn] [pid 21220:tid 412] AH01909: saw:443:0 server certificate does NOT include an ID which matches the server name
[Mon Jan 02 09:21:14.438630 2023] [ssl:warn] [pid 21220:tid 412] AH01909: saw:443:0 server certificate does NOT include an ID which matches the server name
[Mon Jan 02 09:48:10.645434 2023] [ssl:warn] [pid 20216:tid 408] AH01909: saw:443:0 server certificate does NOT include an ID which matches the server name
[Mon Jan 02 09:48:10.671440 2023] [ssl:warn] [pid 20216:tid 408] AH01909: saw:443:0 server certificate does NOT include an ID which matches the server name
[Mon Jan 02 09:48:10.906096 2023] [ssl:warn] [pid 15120:tid 412] AH01909: saw:443:0 server certificate does NOT include an ID which matches the server name
[Mon Jan 02 09:48:10.930102 2023] [ssl:warn] [pid 15120:tid 412] AH01909: saw:443:0 server certificate does NOT include an ID which matches the server name
[Mon Jan 02 10:39:08.009991 2023] [ssl:warn] [pid 17160:tid 408] AH01909: saw:443:0 server certificate does NOT include an ID which matches the server name
[Mon Jan 02 10:39:08.037087 2023] [ssl:warn] [pid 17160:tid 408] AH01909: saw:443:0 server certificate does NOT include an ID which matches the server name
[Mon Jan 02 10:39:08.413579 2023] [ssl:warn] [pid 6008:tid 412] AH01909: saw:443:0 server certificate does NOT include an ID which matches the server name
[Mon Jan 02 10:39:08.437733 2023] [ssl:warn] [pid 6008:tid 412] AH01909: saw:443:0 server certificate does NOT include an ID which matches the server name
[Mon Jan 02 11:36:13.861359 2023] [ssl:warn] [pid 15088:tid 408] AH01909: saw:443:0 server certificate does NOT include an ID which matches the server name
[Mon Jan 02 11:36:13.887510 2023] [ssl:warn] [pid 15088:tid 408] AH01909: saw:443:0 server certificate does NOT include an ID which matches the server name
[Mon Jan 02 11:36:14.131560 2023] [ssl:warn] [pid 17908:tid 412] AH01909: saw:443:0 server certificate does NOT include an ID which matches the server name
[Mon Jan 02 11:36:14.156698 2023] [ssl:warn] [pid 17908:tid 412] AH01909: saw:443:0 server certificate does NOT include an ID which matches the server name
[Mon Jan 02 11:59:32.900504 2023] [ssl:warn] [pid 19212:tid 436] AH01909: saw:443:0 server certificate does NOT include an ID which matches the server name
[Mon Jan 02 11:59:32.929511 2023] [ssl:warn] [pid 19212:tid 436] AH01909: saw:443:0 server certificate does NOT include an ID which matches the server name
[Mon Jan 02 11:59:33.175566 2023] [ssl:warn] [pid 11100:tid 412] AH01909: saw:443:0 server certificate does NOT include an ID which matches the server name
[Mon Jan 02 11:59:33.201572 2023] [ssl:warn] [pid 11100:tid 412] AH01909: saw:443:0 server certificate does NOT include an ID which matches the server name
[Thu Jan 05 09:57:30.907481 2023] [ssl:warn] [pid 912:tid 420] AH01909: saw:443:0 server certificate does NOT include an ID which matches the server name
[Thu Jan 05 09:57:30.938732 2023] [ssl:warn] [pid 912:tid 420] AH01909: saw:443:0 server certificate does NOT include an ID which matches the server name
[Thu Jan 05 09:57:31.360636 2023] [ssl:warn] [pid 17064:tid 412] AH01909: saw:443:0 server certificate does NOT include an ID which matches the server name
[Thu Jan 05 09:57:31.376262 2023] [ssl:warn] [pid 17064:tid 412] AH01909: saw:443:0 server certificate does NOT include an ID which matches the server name
[Thu Jan 05 14:54:56.123710 2023] [ssl:warn] [pid 19968:tid 160] AH01909: saw:443:0 server certificate does NOT include an ID which matches the server name
[Thu Jan 05 14:54:56.150663 2023] [ssl:warn] [pid 19968:tid 160] AH01909: saw:443:0 server certificate does NOT include an ID which matches the server name
[Thu Jan 05 14:54:56.578827 2023] [ssl:warn] [pid 17836:tid 408] AH01909: saw:443:0 server certificate does NOT include an ID which matches the server name
[Thu Jan 05 14:54:56.603833 2023] [ssl:warn] [pid 17836:tid 408] AH01909: saw:443:0 server certificate does NOT include an ID which matches the server name
[Thu Jan 05 19:25:11.535850 2023] [ssl:warn] [pid 14496:tid 408] AH01909: saw:443:0 server certificate does NOT include an ID which matches the server name
[Thu Jan 05 19:25:11.584013 2023] [ssl:warn] [pid 14496:tid 408] AH01909: saw:443:0 server certificate does NOT include an ID which matches the server name
[Thu Jan 05 19:25:12.024316 2023] [ssl:warn] [pid 568:tid 412] AH01909: saw:443:0 server certificate does NOT include an ID which matches the server name
[Thu Jan 05 19:25:12.066990 2023] [ssl:warn] [pid 568:tid 412] AH01909: saw:443:0 server certificate does NOT include an ID which matches the server name
[Thu Jan 12 00:26:13.445664 2023] [ssl:warn] [pid 288:tid 428] AH01909: saw:443:0 server certificate does NOT include an ID which matches the server name
[Thu Jan 12 00:26:13.476916 2023] [ssl:warn] [pid 288:tid 428] AH01909: saw:443:0 server certificate does NOT include an ID which matches the server name
[Thu Jan 12 00:26:13.898820 2023] [ssl:warn] [pid 14976:tid 412] AH01909: saw:443:0 server certificate does NOT include an ID which matches the server name
[Thu Jan 12 00:26:13.930073 2023] [ssl:warn] [pid 14976:tid 412] AH01909: saw:443:0 server certificate does NOT include an ID which matches the server name
[Thu Jan 12 00:42:22.980710 2023] [ssl:warn] [pid 8804:tid 424] AH01909: saw:443:0 server certificate does NOT include an ID which matches the server name
[Thu Jan 12 00:42:23.019339 2023] [ssl:warn] [pid 8804:tid 424] AH01909: saw:443:0 server certificate does NOT include an ID which matches the server name
[Thu Jan 12 00:42:23.247726 2023] [ssl:warn] [pid 15736:tid 412] AH01909: saw:443:0 server certificate does NOT include an ID which matches the server name
[Thu Jan 12 00:42:23.263353 2023] [ssl:warn] [pid 15736:tid 412] AH01909: saw:443:0 server certificate does NOT include an ID which matches the server name
[Fri Jan 13 22:19:32.942395 2023] [ssl:warn] [pid 11500:tid 408] AH01909: saw:443:0 server certificate does NOT include an ID which matches the server name
[Fri Jan 13 22:19:32.973647 2023] [ssl:warn] [pid 11500:tid 408] AH01909: saw:443:0 server certificate does NOT include an ID which matches the server name
[Fri Jan 13 22:19:33.379924 2023] [ssl:warn] [pid 13812:tid 412] AH01909: saw:443:0 server certificate does NOT include an ID which matches the server name
[Fri Jan 13 22:19:33.395550 2023] [ssl:warn] [pid 13812:tid 412] AH01909: saw:443:0 server certificate does NOT include an ID which matches the server name
[Sun Jan 15 17:25:14.715181 2023] [ssl:warn] [pid 14768:tid 412] AH01909: saw:443:0 server certificate does NOT include an ID which matches the server name
[Sun Jan 15 17:25:14.746189 2023] [ssl:warn] [pid 14768:tid 412] AH01909: saw:443:0 server certificate does NOT include an ID which matches the server name
[Sun Jan 15 17:25:15.212239 2023] [ssl:warn] [pid 5048:tid 412] AH01909: saw:443:0 server certificate does NOT include an ID which matches the server name
[Sun Jan 15 17:25:15.251248 2023] [ssl:warn] [pid 5048:tid 412] AH01909: saw:443:0 server certificate does NOT include an ID which matches the server name
[Sun Jan 15 23:52:41.738929 2023] [ssl:warn] [pid 7568:tid 408] AH01909: saw:443:0 server certificate does NOT include an ID which matches the server name
[Sun Jan 15 23:52:41.770181 2023] [ssl:warn] [pid 7568:tid 408] AH01909: saw:443:0 server certificate does NOT include an ID which matches the server name
[Sun Jan 15 23:52:42.176459 2023] [ssl:warn] [pid 23044:tid 412] AH01909: saw:443:0 server certificate does NOT include an ID which matches the server name
[Sun Jan 15 23:52:42.207711 2023] [ssl:warn] [pid 23044:tid 412] AH01909: saw:443:0 server certificate does NOT include an ID which matches the server name
[Mon Jan 16 13:07:55.804143 2023] [ssl:warn] [pid 2488:tid 460] AH01909: saw:443:0 server certificate does NOT include an ID which matches the server name
[Mon Jan 16 13:07:55.836149 2023] [ssl:warn] [pid 2488:tid 460] AH01909: saw:443:0 server certificate does NOT include an ID which matches the server name
[Mon Jan 16 13:07:56.243578 2023] [ssl:warn] [pid 8588:tid 412] AH01909: saw:443:0 server certificate does NOT include an ID which matches the server name
[Mon Jan 16 13:07:56.271938 2023] [ssl:warn] [pid 8588:tid 412] AH01909: saw:443:0 server certificate does NOT include an ID which matches the server name
[Mon Jan 16 18:16:02.596726 2023] [ssl:warn] [pid 4380:tid 408] AH01909: saw:443:0 server certificate does NOT include an ID which matches the server name
[Mon Jan 16 18:16:02.627977 2023] [ssl:warn] [pid 4380:tid 408] AH01909: saw:443:0 server certificate does NOT include an ID which matches the server name
[Mon Jan 16 18:16:03.018628 2023] [ssl:warn] [pid 10696:tid 412] AH01909: saw:443:0 server certificate does NOT include an ID which matches the server name
[Mon Jan 16 18:16:03.049881 2023] [ssl:warn] [pid 10696:tid 412] AH01909: saw:443:0 server certificate does NOT include an ID which matches the server name
[Sat Jan 21 16:23:59.480004 2023] [ssl:warn] [pid 4908:tid 408] AH01909: saw:443:0 server certificate does NOT include an ID which matches the server name
[Sat Jan 21 16:23:59.495630 2023] [ssl:warn] [pid 4908:tid 408] AH01909: saw:443:0 server certificate does NOT include an ID which matches the server name
[Sat Jan 21 16:23:59.901907 2023] [ssl:warn] [pid 14712:tid 412] AH01909: saw:443:0 server certificate does NOT include an ID which matches the server name
[Sat Jan 21 16:23:59.917532 2023] [ssl:warn] [pid 14712:tid 412] AH01909: saw:443:0 server certificate does NOT include an ID which matches the server name
[Sat Jan 21 16:28:03.958050 2023] [ssl:warn] [pid 9244:tid 424] AH01909: saw:443:0 server certificate does NOT include an ID which matches the server name
[Sat Jan 21 16:28:03.989292 2023] [ssl:warn] [pid 9244:tid 424] AH01909: saw:443:0 server certificate does NOT include an ID which matches the server name
[Sat Jan 21 16:28:04.362065 2023] [ssl:warn] [pid 15864:tid 440] AH01909: saw:443:0 server certificate does NOT include an ID which matches the server name
[Sat Jan 21 16:28:04.377693 2023] [ssl:warn] [pid 15864:tid 440] AH01909: saw:443:0 server certificate does NOT include an ID which matches the server name
[Sat Jan 21 17:12:14.512788 2023] [ssl:warn] [pid 6252:tid 448] AH01909: saw:443:0 server certificate does NOT include an ID which matches the server name
[Sat Jan 21 17:12:14.544040 2023] [ssl:warn] [pid 6252:tid 448] AH01909: saw:443:0 server certificate does NOT include an ID which matches the server name
[Sat Jan 21 17:12:14.765735 2023] [ssl:warn] [pid 5576:tid 412] AH01909: saw:443:0 server certificate does NOT include an ID which matches the server name
[Sat Jan 21 17:12:14.781361 2023] [ssl:warn] [pid 5576:tid 412] AH01909: saw:443:0 server certificate does NOT include an ID which matches the server name
[Sat Jan 21 17:57:07.719191 2023] [ssl:warn] [pid 9672:tid 432] AH01909: saw:443:0 server certificate does NOT include an ID which matches the server name
[Sat Jan 21 17:57:07.750444 2023] [ssl:warn] [pid 9672:tid 432] AH01909: saw:443:0 server certificate does NOT include an ID which matches the server name
[Sat Jan 21 17:57:08.126722 2023] [ssl:warn] [pid 4220:tid 476] AH01909: saw:443:0 server certificate does NOT include an ID which matches the server name
[Sat Jan 21 17:57:08.143759 2023] [ssl:warn] [pid 4220:tid 476] AH01909: saw:443:0 server certificate does NOT include an ID which matches the server name
[Sat Jan 21 18:41:45.786447 2023] [ssl:warn] [pid 1328:tid 408] AH01909: saw:443:0 server certificate does NOT include an ID which matches the server name
[Sat Jan 21 18:41:45.802074 2023] [ssl:warn] [pid 1328:tid 408] AH01909: saw:443:0 server certificate does NOT include an ID which matches the server name
[Sat Jan 21 18:41:46.020840 2023] [ssl:warn] [pid 13556:tid 412] AH01909: saw:443:0 server certificate does NOT include an ID which matches the server name
[Sat Jan 21 18:41:46.052093 2023] [ssl:warn] [pid 13556:tid 412] AH01909: saw:443:0 server certificate does NOT include an ID which matches the server name
[Sat Jan 21 22:37:52.156665 2023] [ssl:warn] [pid 10444:tid 420] AH01909: saw:443:0 server certificate does NOT include an ID which matches the server name
[Sat Jan 21 22:37:52.187919 2023] [ssl:warn] [pid 10444:tid 420] AH01909: saw:443:0 server certificate does NOT include an ID which matches the server name
[Sat Jan 21 22:37:52.464529 2023] [ssl:warn] [pid 17356:tid 412] AH01909: saw:443:0 server certificate does NOT include an ID which matches the server name
[Sat Jan 21 22:37:52.495781 2023] [ssl:warn] [pid 17356:tid 412] AH01909: saw:443:0 server certificate does NOT include an ID which matches the server name
[Sat Jan 21 23:20:32.005517 2023] [ssl:warn] [pid 9664:tid 408] AH01909: saw:443:0 server certificate does NOT include an ID which matches the server name
[Sat Jan 21 23:20:32.032524 2023] [ssl:warn] [pid 9664:tid 408] AH01909: saw:443:0 server certificate does NOT include an ID which matches the server name
[Sat Jan 21 23:20:32.415887 2023] [ssl:warn] [pid 3168:tid 412] AH01909: saw:443:0 server certificate does NOT include an ID which matches the server name
[Sat Jan 21 23:20:32.440892 2023] [ssl:warn] [pid 3168:tid 412] AH01909: saw:443:0 server certificate does NOT include an ID which matches the server name
[Sat Jan 21 23:47:39.510611 2023] [ssl:warn] [pid 14100:tid 440] AH01909: saw:443:0 server certificate does NOT include an ID which matches the server name
[Sat Jan 21 23:47:39.548048 2023] [ssl:warn] [pid 14100:tid 440] AH01909: saw:443:0 server certificate does NOT include an ID which matches the server name
[Sat Jan 21 23:47:39.773514 2023] [ssl:warn] [pid 17892:tid 412] AH01909: saw:443:0 server certificate does NOT include an ID which matches the server name
[Sat Jan 21 23:47:39.798520 2023] [ssl:warn] [pid 17892:tid 412] AH01909: saw:443:0 server certificate does NOT include an ID which matches the server name
